[0.000000] (-) TimerEvent: {}
[0.001157] (simple_path_planner) JobQueued: {'identifier': 'simple_path_planner', 'dependencies': OrderedDict()}
[0.001646] (simple_path_planner) JobStarted: {'identifier': 'simple_path_planner'}
[0.099935] (-) TimerEvent: {}
[0.201653] (-) TimerEvent: {}
[0.302108] (-) TimerEvent: {}
[0.402584] (-) TimerEvent: {}
[0.503240] (-) TimerEvent: {}
[0.603762] (-) TimerEvent: {}
[0.704248] (-) TimerEvent: {}
[0.804771] (-) TimerEvent: {}
[0.905290] (-) TimerEvent: {}
[1.005767] (-) TimerEvent: {}
[1.031966] (simple_path_planner) Command: {'cmd': ['/usr/bin/python3', 'setup.py', 'egg_info', '--egg-base', 'build/simple_path_planner', 'build', '--build-base', '/home/luke/ros2_ws/src/simple_path_planner/simple_path_planner/build/simple_path_planner/build', 'install', '--record', '/home/luke/ros2_ws/src/simple_path_planner/simple_path_planner/build/simple_path_planner/install.log', '--single-version-externally-managed'], 'cwd': '/home/luke/ros2_ws/src/simple_path_planner/simple_path_planner', 'env': {'USER': 'luke', 'SHLVL': '1', 'LD_LIBRARY_PATH': '/opt/ros/humble/opt/rviz_ogre_vendor/lib:/opt/ros/humble/lib/x86_64-linux-gnu:/opt/ros/humble/lib', 'WT_PROFILE_ID': '{51855cb2-8cce-5362-8f54-464b92b32386}', 'HOME': '/home/luke', 'OLDPWD': '/home/luke', 'ROS_PYTHON_VERSION': '3', 'DBUS_SESSION_BUS_ADDRESS': 'unix:path=/run/user/1000/bus', 'WSL_DISTRO_NAME': 'Ubuntu', 'WAYLAND_DISPLAY': 'wayland-0', 'COLCON_PREFIX_PATH': '/home/luke/ros2_ws/src/simple_path_planner/simple_path_planner/install', 'ROS_DISTRO': 'humble', 'LOGNAME': 'luke', 'NAME': 'Luke-Laptop', 'WSL_INTEROP': '/run/WSL/506299_interop', 'PULSE_SERVER': 'unix:/mnt/wslg/PulseServer', '_': '/usr/bin/colcon', 'ROS_VERSION': '2', 'TERM': 'xterm-256color', 'ROS_LOCALHOST_ONLY': '0', 'PATH': '/home/luke/.local/bin:/opt/ros/humble/bin:/usr/local/sbin:/usr/local/bin:/usr/sbin:/usr/bin:/sbin:/bin:/usr/games:/usr/local/games:/usr/lib/wsl/lib:/mnt/c/Program Files/NVIDIA GPU Computing Toolkit/CUDA/v12.2/bin:/mnt/c/Program Files/NVIDIA GPU Computing Toolkit/CUDA/v12.2/libnvvp:/mnt/c/Windows/system32:/mnt/c/Windows:/mnt/c/Windows/System32/Wbem:/mnt/c/Windows/System32/WindowsPowerShell/v1.0/:/mnt/c/Windows/System32/OpenSSH/:/mnt/c/Program Files/dotnet/:/mnt/c/Program Files (x86)/NVIDIA Corporation/PhysX/Common:/mnt/c/Program Files/NVIDIA Corporation/NVIDIA NvDLISR:/mnt/c/WINDOWS/system32:/mnt/c/WINDOWS:/mnt/c/WINDOWS/System32/Wbem:/mnt/c/WINDOWS/System32/WindowsPowerShell/v1.0/:/mnt/c/WINDOWS/System32/OpenSSH/:/mnt/c/Program Files/Microsoft SQL Server/150/Tools/Binn/:/mnt/c/Program Files/Microsoft SQL Server/Client SDK/ODBC/170/Tools/Binn/:/mnt/c/Program Files/Docker/Docker/resources/bin:/mnt/c/Program Files/NVIDIA Corporation/Nsight Compute 2023.2.2/:/mnt/c/Program Files/Git/cmd:/mnt/c/Users/lmnew/.cargo/bin:/mnt/c/Users/lmnew/AppData/Local/Microsoft/WindowsApps:/mnt/c/Users/lmnew/AppData/Local/Programs/Microsoft VS Code/bin:/mnt/c/Espressif/tools/xtensa-esp32-elf-clang/esp-14.0.0-20220415-x86_64-pc-windows-msvc/bin/:/mnt/c/Users/lmnew/AppData/Local/Programs/jaguar:/mnt/c/Users/lmnew/.dotnet/tools:/snap/bin', 'WT_SESSION': '5248472f-53d6-4ca3-ab74-01e649f946fa', 'XDG_RUNTIME_DIR': '/run/user/1000/', 'DISPLAY': ':0', 'LANG': 'en_US.UTF-8', 'AMENT_PREFIX_PATH': '/home/luke/ros2_ws/src/simple_path_planner/simple_path_planner/install/simple_path_planner:/opt/ros/humble', 'SHELL': '/bin/bash', 'PWD': '/home/luke/ros2_ws/src/simple_path_planner/simple_path_planner/build/simple_path_planner', 'XDG_DATA_DIRS': '/usr/local/share:/usr/share:/var/lib/snapd/desktop', 'PYTHONPATH': '/home/luke/ros2_ws/src/simple_path_planner/simple_path_planner/build/simple_path_planner/prefix_override:/home/luke/ros2_ws/src/simple_path_planner/simple_path_planner/install/simple_path_planner/lib/python3.10/site-packages:/home/luke/ros2_ws/src/simple_path_planner/simple_path_planner/install/simple_path_planner/lib/python3.10/site-packages:/opt/ros/humble/lib/python3.10/site-packages:/opt/ros/humble/local/lib/python3.10/dist-packages', 'COLCON': '1', 'WSL2_GUI_APPS_ENABLED': '1', 'HOSTTYPE': 'x86_64', 'WSLENV': 'WT_SESSION:WT_PROFILE_ID:'}, 'shell': False}
[1.105987] (-) TimerEvent: {}
[1.206459] (-) TimerEvent: {}
[1.306970] (-) TimerEvent: {}
[1.348364] (simple_path_planner) StdoutLine: {'line': b'running egg_info\n'}
[1.349716] (simple_path_planner) StdoutLine: {'line': b'writing build/simple_path_planner/simple_path_planner.egg-info/PKG-INFO\n'}
[1.350158] (simple_path_planner) StdoutLine: {'line': b'writing dependency_links to build/simple_path_planner/simple_path_planner.egg-info/dependency_links.txt\n'}
[1.350586] (simple_path_planner) StdoutLine: {'line': b'writing entry points to build/simple_path_planner/simple_path_planner.egg-info/entry_points.txt\n'}
[1.351097] (simple_path_planner) StdoutLine: {'line': b'writing requirements to build/simple_path_planner/simple_path_planner.egg-info/requires.txt\n'}
[1.351259] (simple_path_planner) StdoutLine: {'line': b'writing top-level names to build/simple_path_planner/simple_path_planner.egg-info/top_level.txt\n'}
[1.354038] (simple_path_planner) StdoutLine: {'line': b"reading manifest file 'build/simple_path_planner/simple_path_planner.egg-info/SOURCES.txt'\n"}
[1.355493] (simple_path_planner) StdoutLine: {'line': b"writing manifest file 'build/simple_path_planner/simple_path_planner.egg-info/SOURCES.txt'\n"}
[1.356261] (simple_path_planner) StdoutLine: {'line': b'running build\n'}
[1.356574] (simple_path_planner) StdoutLine: {'line': b'running build_py\n'}
[1.357031] (simple_path_planner) StdoutLine: {'line': b'copying simple_path_planner/simple_path_planner.py -> /home/luke/ros2_ws/src/simple_path_planner/simple_path_planner/build/simple_path_planner/build/lib/simple_path_planner\n'}
[1.357135] (simple_path_planner) StdoutLine: {'line': b'running install\n'}
[1.357217] (simple_path_planner) StderrLine: {'line': b'/usr/lib/python3/dist-packages/setuptools/command/install.py:34: SetuptoolsDeprecationWarning: setup.py install is deprecated. Use build and pip and other standards-based tools.\n'}
[1.357434] (simple_path_planner) StderrLine: {'line': b'  warnings.warn(\n'}
[1.357548] (simple_path_planner) StdoutLine: {'line': b'running install_lib\n'}
[1.358432] (simple_path_planner) StdoutLine: {'line': b'copying /home/luke/ros2_ws/src/simple_path_planner/simple_path_planner/build/simple_path_planner/build/lib/simple_path_planner/simple_path_planner.py -> /home/luke/ros2_ws/src/simple_path_planner/simple_path_planner/install/simple_path_planner/lib/python3.10/site-packages/simple_path_planner\n'}
[1.359165] (simple_path_planner) StdoutLine: {'line': b'byte-compiling /home/luke/ros2_ws/src/simple_path_planner/simple_path_planner/install/simple_path_planner/lib/python3.10/site-packages/simple_path_planner/simple_path_planner.py to simple_path_planner.cpython-310.pyc\n'}
[1.361790] (simple_path_planner) StdoutLine: {'line': b'running install_data\n'}
[1.362713] (simple_path_planner) StdoutLine: {'line': b'running install_egg_info\n'}
[1.364798] (simple_path_planner) StdoutLine: {'line': b"removing '/home/luke/ros2_ws/src/simple_path_planner/simple_path_planner/install/simple_path_planner/lib/python3.10/site-packages/simple_path_planner-0.0.0-py3.10.egg-info' (and everything under it)\n"}
[1.365423] (simple_path_planner) StdoutLine: {'line': b'Copying build/simple_path_planner/simple_path_planner.egg-info to /home/luke/ros2_ws/src/simple_path_planner/simple_path_planner/install/simple_path_planner/lib/python3.10/site-packages/simple_path_planner-0.0.0-py3.10.egg-info\n'}
[1.366880] (simple_path_planner) StdoutLine: {'line': b'running install_scripts\n'}
[1.395899] (simple_path_planner) StdoutLine: {'line': b'Installing simple_path_planner script to /home/luke/ros2_ws/src/simple_path_planner/simple_path_planner/install/simple_path_planner/lib/simple_path_planner\n'}
[1.396735] (simple_path_planner) StdoutLine: {'line': b"writing list of installed files to '/home/luke/ros2_ws/src/simple_path_planner/simple_path_planner/build/simple_path_planner/install.log'\n"}
[1.407169] (-) TimerEvent: {}
[1.437000] (simple_path_planner) CommandEnded: {'returncode': 0}
[1.509406] (-) TimerEvent: {}
[1.542068] (simple_path_planner) JobEnded: {'identifier': 'simple_path_planner', 'rc': 0}
[1.543881] (-) EventReactorShutdown: {}
