[1.060s] Invoking command in '/home/luke/ros2_ws/src/simple_path_planner/simple_path_planner': PYTHONPATH=/home/luke/ros2_ws/src/simple_path_planner/simple_path_planner/build/simple_path_planner/prefix_override:/home/luke/ros2_ws/src/simple_path_planner/simple_path_planner/install/simple_path_planner/lib/python3.10/site-packages:${PYTHONPATH} /usr/bin/python3 setup.py egg_info --egg-base build/simple_path_planner build --build-base /home/luke/ros2_ws/src/simple_path_planner/simple_path_planner/build/simple_path_planner/build install --record /home/luke/ros2_ws/src/simple_path_planner/simple_path_planner/build/simple_path_planner/install.log --single-version-externally-managed
[1.417s] running egg_info
[1.418s] creating build/simple_path_planner/simple_path_planner.egg-info
[1.418s] writing build/simple_path_planner/simple_path_planner.egg-info/PKG-INFO
[1.419s] writing dependency_links to build/simple_path_planner/simple_path_planner.egg-info/dependency_links.txt
[1.419s] writing entry points to build/simple_path_planner/simple_path_planner.egg-info/entry_points.txt
[1.419s] writing requirements to build/simple_path_planner/simple_path_planner.egg-info/requires.txt
[1.419s] writing top-level names to build/simple_path_planner/simple_path_planner.egg-info/top_level.txt
[1.420s] writing manifest file 'build/simple_path_planner/simple_path_planner.egg-info/SOURCES.txt'
[1.422s] reading manifest file 'build/simple_path_planner/simple_path_planner.egg-info/SOURCES.txt'
[1.423s] writing manifest file 'build/simple_path_planner/simple_path_planner.egg-info/SOURCES.txt'
[1.423s] running build
[1.424s] running build_py
[1.424s] creating /home/luke/ros2_ws/src/simple_path_planner/simple_path_planner/build/simple_path_planner/build
[1.424s] creating /home/luke/ros2_ws/src/simple_path_planner/simple_path_planner/build/simple_path_planner/build/lib
[1.424s] creating /home/luke/ros2_ws/src/simple_path_planner/simple_path_planner/build/simple_path_planner/build/lib/simple_path_planner
[1.424s] copying simple_path_planner/__init__.py -> /home/luke/ros2_ws/src/simple_path_planner/simple_path_planner/build/simple_path_planner/build/lib/simple_path_planner
[1.425s] copying simple_path_planner/simple_path_planner.py -> /home/luke/ros2_ws/src/simple_path_planner/simple_path_planner/build/simple_path_planner/build/lib/simple_path_planner
[1.425s] running install
[1.425s] /usr/lib/python3/dist-packages/setuptools/command/install.py:34: SetuptoolsDeprecationWarning: setup.py install is deprecated. Use build and pip and other standards-based tools.
[1.426s]   warnings.warn(
[1.426s] running install_lib
[1.426s] creating /home/luke/ros2_ws/src/simple_path_planner/simple_path_planner/install/simple_path_planner/lib/python3.10/site-packages/simple_path_planner
[1.427s] copying /home/luke/ros2_ws/src/simple_path_planner/simple_path_planner/build/simple_path_planner/build/lib/simple_path_planner/__init__.py -> /home/luke/ros2_ws/src/simple_path_planner/simple_path_planner/install/simple_path_planner/lib/python3.10/site-packages/simple_path_planner
[1.427s] copying /home/luke/ros2_ws/src/simple_path_planner/simple_path_planner/build/simple_path_planner/build/lib/simple_path_planner/simple_path_planner.py -> /home/luke/ros2_ws/src/simple_path_planner/simple_path_planner/install/simple_path_planner/lib/python3.10/site-packages/simple_path_planner
[1.428s] byte-compiling /home/luke/ros2_ws/src/simple_path_planner/simple_path_planner/install/simple_path_planner/lib/python3.10/site-packages/simple_path_planner/__init__.py to __init__.cpython-310.pyc
[1.428s] byte-compiling /home/luke/ros2_ws/src/simple_path_planner/simple_path_planner/install/simple_path_planner/lib/python3.10/site-packages/simple_path_planner/simple_path_planner.py to simple_path_planner.cpython-310.pyc
[1.429s] running install_data
[1.430s] creating /home/luke/ros2_ws/src/simple_path_planner/simple_path_planner/install/simple_path_planner/share/ament_index
[1.431s] creating /home/luke/ros2_ws/src/simple_path_planner/simple_path_planner/install/simple_path_planner/share/ament_index/resource_index
[1.431s] creating /home/luke/ros2_ws/src/simple_path_planner/simple_path_planner/install/simple_path_planner/share/ament_index/resource_index/packages
[1.431s] copying resource/simple_path_planner -> /home/luke/ros2_ws/src/simple_path_planner/simple_path_planner/install/simple_path_planner/share/ament_index/resource_index/packages
[1.432s] copying package.xml -> /home/luke/ros2_ws/src/simple_path_planner/simple_path_planner/install/simple_path_planner/share/simple_path_planner
[1.432s] running install_egg_info
[1.435s] Copying build/simple_path_planner/simple_path_planner.egg-info to /home/luke/ros2_ws/src/simple_path_planner/simple_path_planner/install/simple_path_planner/lib/python3.10/site-packages/simple_path_planner-0.0.0-py3.10.egg-info
[1.436s] running install_scripts
[1.465s] Installing simple_path_planner script to /home/luke/ros2_ws/src/simple_path_planner/simple_path_planner/install/simple_path_planner/lib/simple_path_planner
[1.465s] writing list of installed files to '/home/luke/ros2_ws/src/simple_path_planner/simple_path_planner/build/simple_path_planner/install.log'
[1.496s] Invoked command in '/home/luke/ros2_ws/src/simple_path_planner/simple_path_planner' returned '0': PYTHONPATH=/home/luke/ros2_ws/src/simple_path_planner/simple_path_planner/build/simple_path_planner/prefix_override:/home/luke/ros2_ws/src/simple_path_planner/simple_path_planner/install/simple_path_planner/lib/python3.10/site-packages:${PYTHONPATH} /usr/bin/python3 setup.py egg_info --egg-base build/simple_path_planner build --build-base /home/luke/ros2_ws/src/simple_path_planner/simple_path_planner/build/simple_path_planner/build install --record /home/luke/ros2_ws/src/simple_path_planner/simple_path_planner/build/simple_path_planner/install.log --single-version-externally-managed
